<?xml version="1.0" encoding="utf-8"?><testsuites name="pytest tests"><testsuite name="pytest" errors="0" failures="0" skipped="0" tests="6" time="47.963" timestamp="2026-07-09T16:21:14.797429+00:00" hostname="agent-env-328a616e-d70d-478f-ba47-0597ed2a3f0e"><testcase classname="backend.tests.test_rewarded_ads.TestAdsFresh" name="test_status_fresh_guest_cannot_watch" time="0.562" /><testcase classname="backend.tests.test_rewarded_ads.TestAdsFresh" name="test_reward_without_match_returns_400" time="0.290" /><testcase classname="backend.tests.test_rewarded_ads.TestAdsAfterMatch" name="test_status_after_match_can_watch" time="11.936" /><testcase classname="backend.tests.test_rewarded_ads.TestAdsAfterMatch" name="test_claim_grants_double_xp_and_sets_cooldown" time="12.087" /><testcase classname="backend.tests.test_rewarded_ads.TestAdsAfterMatch" name="test_cooldown_bounds" time="12.069" /><testcase classname="backend.tests.test_rewarded_ads.TestAdsRegression" name="test_match_results_still_render" time="10.907" /></testsuite></testsuites>