<?xml version="1.0" encoding="utf-8"?><testsuites name="pytest tests"><testsuite name="pytest" errors="0" failures="0" skipped="0" tests="20" time="20.849" timestamp="2026-07-09T03:23:09.380546+00:00" hostname="agent-env-328a616e-d70d-478f-ba47-0597ed2a3f0e"><testcase classname="tests.test_panic_button.TestAuth" name="test_register" time="0.655" /><testcase classname="tests.test_panic_button.TestAuth" name="test_duplicate_register" time="0.053" /><testcase classname="tests.test_panic_button.TestAuth" name="test_login" time="0.277" /><testcase classname="tests.test_panic_button.TestAuth" name="test_login_bad" time="0.274" /><testcase classname="tests.test_panic_button.TestAuth" name="test_me" time="0.051" /><testcase classname="tests.test_panic_button.TestAuth" name="test_me_no_auth" time="0.045" /><testcase classname="tests.test_panic_button.TestProfile" name="test_profile" time="0.049" /><testcase classname="tests.test_panic_button.TestProfile" name="test_stats" time="0.049" /><testcase classname="tests.test_panic_button.TestAbilities" name="test_list" time="0.048" /><testcase classname="tests.test_panic_button.TestAbilities" name="test_equip_locked_forbidden" time="0.048" /><testcase classname="tests.test_panic_button.TestAbilities" name="test_unequip_ok" time="0.049" /><testcase classname="tests.test_panic_button.TestAbilities" name="test_equip_bad_id" time="0.048" /><testcase classname="tests.test_panic_button.TestCosmetics" name="test_list" time="0.051" /><testcase classname="tests.test_panic_button.TestCosmetics" name="test_equip_unlocked" time="0.052" /><testcase classname="tests.test_panic_button.TestCosmetics" name="test_equip_locked" time="0.049" /><testcase classname="tests.test_panic_button.TestCosmetics" name="test_bad_category" time="0.048" /><testcase classname="tests.test_panic_button.TestMatch" name="test_join_and_state" time="0.162" /><testcase classname="tests.test_panic_button.TestMatch" name="test_state_not_found" time="0.060" /><testcase classname="tests.test_panic_button.TestMatch" name="test_active_backfill_and_press" time="9.355" /><testcase classname="tests.test_panic_button.TestMatch" name="test_progression_persistence_after_leave" time="9.353" /></testsuite></testsuites>