<?xml version="1.0" encoding="utf-8"?><testsuites name="pytest tests"><testsuite name="pytest" errors="0" failures="0" skipped="0" tests="18" time="93.669" timestamp="2026-07-09T18:49:48.211777+00:00" hostname="agent-env-328a616e-d70d-478f-ba47-0597ed2a3f0e"><testcase classname="backend.tests.test_iteration6.TestAdModel" name="test_fresh_guest_status_shape" time="0.443" /><testcase classname="backend.tests.test_iteration6.TestAdModel" name="test_after_match_reward_available_but_mandatory_still_due" time="11.804" /><testcase classname="backend.tests.test_iteration6.TestAdModel" name="test_ads_seen_starts_cooldown" time="0.342" /><testcase classname="backend.tests.test_iteration6.TestAdModel" name="test_reward_after_seen_still_claimable" time="11.552" /><testcase classname="backend.tests.test_iteration6.TestAdModel" name="test_ads_reward_double_xp_and_second_fails" time="11.713" /><testcase classname="backend.tests.test_iteration6.TestXpCurve" name="test_thresholds_via_daily_reward" time="0.211" /><testcase classname="backend.tests.test_iteration6.TestXpCurve" name="test_single_match_xp_is_small" time="11.313" /><testcase classname="backend.tests.test_iteration6.TestXpCurve" name="test_math_via_direct_xp_bump" time="0.330" /><testcase classname="backend.tests.test_iteration6.TestAbilitiesCatalog" name="test_returns_eight_abilities_with_new_actives" time="0.210" /><testcase classname="backend.tests.test_iteration6.TestAbilitiesCatalog" name="test_new_abilities_unlock_levels_and_type" time="0.221" /><testcase classname="backend.tests.test_iteration6.TestNewAbilityEquipAndMatch" name="test_equip_after_unlock[hide-1200]" time="0.220" /><testcase classname="backend.tests.test_iteration6.TestNewAbilityEquipAndMatch" name="test_equip_after_unlock[overcharge-3000]" time="0.208" /><testcase classname="backend.tests.test_iteration6.TestNewAbilityEquipAndMatch" name="test_equip_after_unlock[adrenaline-5600]" time="1.248" /><testcase classname="backend.tests.test_iteration6.TestNewAbilityEquipAndMatch" name="test_equip_after_unlock[steady-9000]" time="1.070" /><testcase classname="backend.tests.test_iteration6.TestNewAbilityEquipAndMatch" name="test_match_completes_with_ability[hide-1200]" time="10.469" /><testcase classname="backend.tests.test_iteration6.TestNewAbilityEquipAndMatch" name="test_match_completes_with_ability[overcharge-3000]" time="10.148" /><testcase classname="backend.tests.test_iteration6.TestNewAbilityEquipAndMatch" name="test_match_completes_with_ability[adrenaline-5600]" time="11.787" /><testcase classname="backend.tests.test_iteration6.TestNewAbilityEquipAndMatch" name="test_match_completes_with_ability[steady-9000]" time="10.177" /></testsuite></testsuites>