<?xml version="1.0" encoding="utf-8"?><testsuites name="pytest tests"><testsuite name="pytest" errors="0" failures="0" skipped="0" tests="11" time="10.116" timestamp="2026-07-09T12:24:20.007878+00:00" hostname="agent-env-328a616e-d70d-478f-ba47-0597ed2a3f0e"><testcase classname="backend.tests.test_social_features.TestGuest" name="test_guest_creates_user_with_friend_code" time="0.316" /><testcase classname="backend.tests.test_social_features.TestGuest" name="test_guest_me_and_profile_expose_friend_code" time="0.149" /><testcase classname="backend.tests.test_social_features.TestGuest" name="test_guest_username_min_length" time="0.045" /><testcase classname="backend.tests.test_social_features.TestFriends" name="test_get_friends_empty" time="0.088" /><testcase classname="backend.tests.test_social_features.TestFriends" name="test_mutual_add" time="0.325" /><testcase classname="backend.tests.test_social_features.TestFriends" name="test_add_own_code_400" time="0.128" /><testcase classname="backend.tests.test_social_features.TestFriends" name="test_add_unknown_code_404" time="0.087" /><testcase classname="backend.tests.test_social_features.TestFriends" name="test_add_twice_400" time="0.195" /><testcase classname="backend.tests.test_social_features.TestFriends" name="test_add_case_insensitive" time="0.134" /><testcase classname="backend.tests.test_social_features.TestCoLobby" name="test_two_guests_share_match" time="0.315" /><testcase classname="backend.tests.test_social_features.TestResultsAndPersistence" name="test_results_shape_after_leave" time="8.222" /></testsuite></testsuites>