<?xml version="1.0" encoding="utf-8"?><testsuites name="pytest tests"><testsuite name="pytest" errors="0" failures="0" skipped="0" tests="10" time="14.348" timestamp="2026-07-10T02:27:42.782405+00:00" hostname="agent-env-5af97716-9ceb-4587-bb35-b6d7feac7849"><testcase classname="backend.tests.test_iteration10.TestLeaderboard" name="test_global_scope_returns_rows_sorted_desc_and_my_rank" time="0.340" /><testcase classname="backend.tests.test_iteration10.TestLeaderboard" name="test_friends_scope_contains_self_only_when_no_friends" time="0.103" /><testcase classname="backend.tests.test_iteration10.TestLeaderboard" name="test_friends_scope_includes_added_friend" time="0.312" /><testcase classname="backend.tests.test_iteration10.TestChallenges" name="test_get_returns_three_challenges_with_progress_shape" time="0.099" /><testcase classname="backend.tests.test_iteration10.TestChallenges" name="test_get_is_deterministic_for_today" time="0.204" /><testcase classname="backend.tests.test_iteration10.TestChallenges" name="test_claim_unknown_returns_404" time="0.100" /><testcase classname="backend.tests.test_iteration10.TestChallenges" name="test_claim_incomplete_returns_400" time="0.206" /><testcase classname="backend.tests.test_iteration10.TestChallengeProgressAfterMatch" name="test_progress_accrues_after_match_ends" time="11.970" /><testcase classname="backend.tests.test_iteration10.TestMatchWebSocket" name="test_bad_token_is_rejected" time="0.466" /><testcase classname="backend.tests.test_iteration10.TestMatchWebSocket" name="test_valid_token_receives_state_frame" time="0.479" /></testsuite></testsuites>