<?xml version="1.0" encoding="utf-8"?><testsuites name="pytest tests"><testsuite name="pytest" errors="0" failures="0" skipped="0" tests="10" time="48.417" timestamp="2026-07-09T13:02:50.572185+00:00" hostname="agent-env-328a616e-d70d-478f-ba47-0597ed2a3f0e"><testcase classname="backend.tests.test_iteration3.TestRewards" name="test_status_fresh_guest_can_claim" time="0.010" /><testcase classname="backend.tests.test_iteration3.TestRewards" name="test_claim_grants_xp_and_increments_streak" time="0.006" /><testcase classname="backend.tests.test_iteration3.TestRewards" name="test_double_claim_same_day_400" time="0.008" /><testcase classname="backend.tests.test_iteration3.TestChangeName" name="test_change_name_updates_profile" time="0.006" /><testcase classname="backend.tests.test_iteration3.TestMatchDanger" name="test_personal_danger_rises_without_press" time="13.062" /><testcase classname="backend.tests.test_iteration3.TestMatchDanger" name="test_leave_returns_results_with_patience_fields" time="10.062" /><testcase classname="backend.tests.test_iteration3.TestParty" name="test_party_create_and_join_same_match" time="25.178" /><testcase classname="backend.tests.test_iteration3.TestParty" name="test_party_join_bad_code_404" time="0.004" /><testcase classname="backend.tests.test_iteration3.TestRegression" name="test_normal_match_join_still_works" time="0.004" /><testcase classname="backend.tests.test_iteration3.TestRegression" name="test_friends_add_and_list" time="0.009" /></testsuite></testsuites>