<?xml version="1.0" encoding="utf-8"?><testsuites name="pytest tests"><testsuite name="pytest" errors="0" failures="1" skipped="0" tests="105" time="289.458" timestamp="2026-07-10T16:32:49.787918+00:00" hostname="agent-env-8c49f72f-af9b-48ba-89ed-0bd2a5cc254b"><testcase classname="tests.test_iteration10.TestLeaderboard" name="test_global_scope_returns_rows_sorted_desc_and_my_rank" time="0.330" /><testcase classname="tests.test_iteration10.TestLeaderboard" name="test_friends_scope_contains_self_only_when_no_friends" time="0.099" /><testcase classname="tests.test_iteration10.TestLeaderboard" name="test_friends_scope_includes_added_friend" time="0.308" /><testcase classname="tests.test_iteration10.TestChallenges" name="test_get_returns_three_challenges_with_progress_shape" time="0.093" /><testcase classname="tests.test_iteration10.TestChallenges" name="test_get_is_deterministic_for_today" time="0.205" /><testcase classname="tests.test_iteration10.TestChallenges" name="test_claim_unknown_returns_404" time="0.097" /><testcase classname="tests.test_iteration10.TestChallenges" name="test_claim_incomplete_returns_400" time="0.207" /><testcase classname="tests.test_iteration10.TestChallengeProgressAfterMatch" name="test_progress_accrues_after_match_ends" time="12.525" /><testcase classname="tests.test_iteration10.TestMatchWebSocket" name="test_bad_token_is_rejected" time="0.448" /><testcase classname="tests.test_iteration10.TestMatchWebSocket" name="test_valid_token_receives_state_frame" time="0.556" /><testcase classname="tests.test_iteration13_rank_bug_fix.TestNewGuestProgression" name="test_new_guest_progression_snapshot" time="0.145" /><testcase classname="tests.test_iteration13_rank_bug_fix.TestAbilitiesCatalog" name="test_abilities_list_for_new_guest" time="0.162" /><testcase classname="tests.test_iteration13_rank_bug_fix.TestEquipAbilityErrors" name="test_unknown_ability_returns_404" time="0.145" /><testcase classname="tests.test_iteration13_rank_bug_fix.TestEquipAbilityErrors" name="test_locked_ability_returns_403" time="0.153" /><testcase classname="tests.test_iteration13_rank_bug_fix.TestEquipAbilityErrors" name="test_null_ability_unequips" time="0.177" /><testcase classname="tests.test_iteration13_rank_bug_fix.TestUnlockedIdempotency" name="test_repeated_me_calls_do_not_change_unlocked" time="0.486" /><testcase classname="tests.test_iteration13_rank_bug_fix.TestProgressBarWindow" name="test_xp_for_next_matches_curve_deltas" time="0.148" /><testcase classname="tests.test_iteration13_rank_bug_fix.TestMatchFlowRegression" name="test_match_join_active_press" time="6.523" /><testcase classname="tests.test_iteration13_rank_bug_fix.TestLeaderboardRegression" name="test_global_leaderboard_sorted" time="0.186" /><testcase classname="tests.test_iteration3.TestRewards" name="test_status_fresh_guest_can_claim" time="0.005" /><testcase classname="tests.test_iteration3.TestRewards" name="test_claim_grants_xp_and_increments_streak" time="0.005" /><testcase classname="tests.test_iteration3.TestRewards" name="test_double_claim_same_day_400" time="0.008" /><testcase classname="tests.test_iteration3.TestChangeName" name="test_change_name_updates_profile" time="0.006" /><testcase classname="tests.test_iteration3.TestMatchDanger" name="test_personal_danger_rises_without_press" time="13.061" /><testcase classname="tests.test_iteration3.TestMatchDanger" name="test_leave_returns_results_with_patience_fields" time="10.060" /><testcase classname="tests.test_iteration3.TestParty" name="test_party_create_and_join_same_match" time="25.169" /><testcase classname="tests.test_iteration3.TestParty" name="test_party_join_bad_code_404" time="0.004" /><testcase classname="tests.test_iteration3.TestRegression" name="test_normal_match_join_still_works" time="0.004" /><testcase classname="tests.test_iteration3.TestRegression" name="test_friends_add_and_list" time="0.008" /><testcase classname="tests.test_iteration5.TestCosmeticsCatalog" name="test_categories_include_button_fx" time="0.351" /><testcase classname="tests.test_iteration5.TestCosmeticsCatalog" name="test_button_skin_includes_new_items" time="0.207" /><testcase classname="tests.test_iteration5.TestCosmeticsCatalog" name="test_default_equipped_includes_button_fx_none" time="0.190" /><testcase classname="tests.test_iteration5.TestCosmeticsCatalog" name="test_fresh_guest_lock_state" time="0.236" /><testcase classname="tests.test_iteration5.TestCosmeticEquip" name="test_equip_locked_glow_fails" time="0.199" /><testcase classname="tests.test_iteration5.TestCosmeticEquip" name="test_daily_claim_unlocks_glow_and_equip_persists" time="0.621" /><testcase classname="tests.test_iteration5.TestAdsRegression" name="test_fresh_guest_cannot_watch" time="0.229" /><testcase classname="tests.test_iteration5.TestAdsRegression" name="test_reward_flow_after_match" time="10.434" /><testcase classname="tests.test_iteration6.TestAdModel" name="test_fresh_guest_status_shape" time="0.214" /><testcase classname="tests.test_iteration6.TestAdModel" name="test_after_match_reward_available_but_mandatory_still_due" time="11.336" /><testcase classname="tests.test_iteration6.TestAdModel" name="test_ads_seen_starts_cooldown" time="0.298" /><testcase classname="tests.test_iteration6.TestAdModel" name="test_reward_after_seen_still_claimable" time="11.647" /><testcase classname="tests.test_iteration6.TestAdModel" name="test_ads_reward_double_xp_and_second_fails" time="11.796" /><testcase classname="tests.test_iteration6.TestXpCurve" name="test_thresholds_via_daily_reward" time="0.219" /><testcase classname="tests.test_iteration6.TestXpCurve" name="test_single_match_xp_is_small" time="31.052"><failure message="requests.exceptions.ConnectTimeout: HTTPSConnectionPool(host='panic-ranks.preview.emergentagent.com', port=443): Max retries exceeded with url: /api/match/0c94966b282d/state (Caused by ConnectTimeoutError(&lt;HTTPSConnection(host='panic-ranks.preview.emergentagent.com', port=443) at 0xffa0a96d0c90&gt;, 'Connection to panic-ranks.preview.emergentagent.com timed out. (connect timeout=15)'))">/root/.venv/lib/python3.11/site-packages/urllib3/connection.py:204: in _new_conn
    sock = connection.create_connection(
/root/.venv/lib/python3.11/site-packages/urllib3/util/connection.py:85: in create_connection
    raise err
/root/.venv/lib/python3.11/site-packages/urllib3/util/connection.py:73: in create_connection
    sock.connect(sa)
E   TimeoutError: timed out

The above exception was the direct cause of the following exception:
/root/.venv/lib/python3.11/site-packages/urllib3/connectionpool.py:788: in urlopen
    response = self._make_request(
/root/.venv/lib/python3.11/site-packages/urllib3/connectionpool.py:488: in _make_request
    raise new_e
/root/.venv/lib/python3.11/site-packages/urllib3/connectionpool.py:464: in _make_request
    self._validate_conn(conn)
/root/.venv/lib/python3.11/site-packages/urllib3/connectionpool.py:1106: in _validate_conn
    conn.connect()
/root/.venv/lib/python3.11/site-packages/urllib3/connection.py:759: in connect
    self.sock = sock = self._new_conn()
                       ^^^^^^^^^^^^^^^^
/root/.venv/lib/python3.11/site-packages/urllib3/connection.py:213: in _new_conn
    raise ConnectTimeoutError(
E   urllib3.exceptions.ConnectTimeoutError: (&lt;HTTPSConnection(host='panic-ranks.preview.emergentagent.com', port=443) at 0xffa0a96d0c90&gt;, 'Connection to panic-ranks.preview.emergentagent.com timed out. (connect timeout=15)')

The above exception was the direct cause of the following exception:
/root/.venv/lib/python3.11/site-packages/requests/adapters.py:696: in send
    resp = conn.urlopen(
/root/.venv/lib/python3.11/site-packages/urllib3/connectionpool.py:842: in urlopen
    retries = retries.increment(
/root/.venv/lib/python3.11/site-packages/urllib3/util/retry.py:543: in increment
    raise MaxRetryError(_pool, url, reason) from reason  # type: ignore[arg-type]
    ^^^^^^^^^^^^^^^^^^^^^^^^^^^^^^^^^^^^^^^^^^^^^^^^^^^
E   urllib3.exceptions.MaxRetryError: HTTPSConnectionPool(host='panic-ranks.preview.emergentagent.com', port=443): Max retries exceeded with url: /api/match/0c94966b282d/state (Caused by ConnectTimeoutError(&lt;HTTPSConnection(host='panic-ranks.preview.emergentagent.com', port=443) at 0xffa0a96d0c90&gt;, 'Connection to panic-ranks.preview.emergentagent.com timed out. (connect timeout=15)'))

During handling of the above exception, another exception occurred:
tests/test_iteration6.py:159: in test_single_match_xp_is_small
    _play_and_leave(tok)
tests/test_iteration6.py:55: in _play_and_leave
    _wait_active(tok, mid)
tests/test_iteration6.py:44: in _wait_active
    s = requests.get(f"{BASE}/match/{mid}/state", headers=_hdr(tok), timeout=15).json()
        ^^^^^^^^^^^^^^^^^^^^^^^^^^^^^^^^^^^^^^^^^^^^^^^^^^^^^^^^^^^^^^^^^^^^^^^^
/root/.venv/lib/python3.11/site-packages/requests/api.py:87: in get
    return request("get", url, params=params, **kwargs)
           ^^^^^^^^^^^^^^^^^^^^^^^^^^^^^^^^^^^^^^^^^^^^
/root/.venv/lib/python3.11/site-packages/requests/api.py:71: in request
    return session.request(method=method, url=url, **kwargs)
           ^^^^^^^^^^^^^^^^^^^^^^^^^^^^^^^^^^^^^^^^^^^^^^^^^
/root/.venv/lib/python3.11/site-packages/requests/sessions.py:651: in request
    resp = self.send(prep, **send_kwargs)
           ^^^^^^^^^^^^^^^^^^^^^^^^^^^^^^
/root/.venv/lib/python3.11/site-packages/requests/sessions.py:784: in send
    r = adapter.send(request, **kwargs)
        ^^^^^^^^^^^^^^^^^^^^^^^^^^^^^^^
/root/.venv/lib/python3.11/site-packages/requests/adapters.py:717: in send
    raise ConnectTimeout(e, request=request)
E   requests.exceptions.ConnectTimeout: HTTPSConnectionPool(host='panic-ranks.preview.emergentagent.com', port=443): Max retries exceeded with url: /api/match/0c94966b282d/state (Caused by ConnectTimeoutError(&lt;HTTPSConnection(host='panic-ranks.preview.emergentagent.com', port=443) at 0xffa0a96d0c90&gt;, 'Connection to panic-ranks.preview.emergentagent.com timed out. (connect timeout=15)'))</failure></testcase><testcase classname="tests.test_iteration6.TestXpCurve" name="test_math_via_direct_xp_bump" time="0.453" /><testcase classname="tests.test_iteration6.TestAbilitiesCatalog" name="test_returns_eight_abilities_with_new_actives" time="0.229" /><testcase classname="tests.test_iteration6.TestAbilitiesCatalog" name="test_new_abilities_unlock_levels_and_type" time="0.213" /><testcase classname="tests.test_iteration6.TestNewAbilityEquipAndMatch" name="test_equip_after_unlock[hide-12300]" time="0.229" /><testcase classname="tests.test_iteration6.TestNewAbilityEquipAndMatch" name="test_equip_after_unlock[overcharge-20800]" time="0.209" /><testcase classname="tests.test_iteration6.TestNewAbilityEquipAndMatch" name="test_equip_after_unlock[adrenaline-31500]" time="0.207" /><testcase classname="tests.test_iteration6.TestNewAbilityEquipAndMatch" name="test_equip_after_unlock[steady-40000]" time="0.227" /><testcase classname="tests.test_iteration6.TestNewAbilityEquipAndMatch" name="test_match_completes_with_ability[hide-12300]" time="10.101" /><testcase classname="tests.test_iteration6.TestNewAbilityEquipAndMatch" name="test_match_completes_with_ability[overcharge-20800]" time="10.342" /><testcase classname="tests.test_iteration6.TestNewAbilityEquipAndMatch" name="test_match_completes_with_ability[adrenaline-31500]" time="17.188" /><testcase classname="tests.test_iteration6.TestNewAbilityEquipAndMatch" name="test_match_completes_with_ability[steady-40000]" time="10.059" /><testcase classname="tests.test_iteration8.TestFailsafeCatalog" name="test_failsafe_in_abilities" time="0.219" /><testcase classname="tests.test_iteration8.TestFailsafeCatalog" name="test_locked_for_fresh_guest" time="0.200" /><testcase classname="tests.test_iteration8.TestFailsafeEquip" name="test_equip_after_bump" time="0.431" /><testcase classname="tests.test_iteration8.TestFailsafeMatch" name="test_match_press_and_grace_window" time="10.732" /><testcase classname="tests.test_panic_button.TestAuth" name="test_register" time="0.324" /><testcase classname="tests.test_panic_button.TestAuth" name="test_duplicate_register" time="0.046" /><testcase classname="tests.test_panic_button.TestAuth" name="test_login" time="0.268" /><testcase classname="tests.test_panic_button.TestAuth" name="test_login_bad" time="0.265" /><testcase classname="tests.test_panic_button.TestAuth" name="test_me" time="0.083" /><testcase classname="tests.test_panic_button.TestAuth" name="test_me_no_auth" time="0.084" /><testcase classname="tests.test_panic_button.TestProfile" name="test_profile" time="0.042" /><testcase classname="tests.test_panic_button.TestProfile" name="test_stats" time="0.042" /><testcase classname="tests.test_panic_button.TestAbilities" name="test_list" time="0.045" /><testcase classname="tests.test_panic_button.TestAbilities" name="test_equip_locked_forbidden" time="0.044" /><testcase classname="tests.test_panic_button.TestAbilities" name="test_unequip_ok" time="0.043" /><testcase classname="tests.test_panic_button.TestAbilities" name="test_equip_bad_id" time="0.041" /><testcase classname="tests.test_panic_button.TestCosmetics" name="test_list" time="0.042" /><testcase classname="tests.test_panic_button.TestCosmetics" name="test_equip_unlocked" time="0.042" /><testcase classname="tests.test_panic_button.TestCosmetics" name="test_equip_locked" time="0.082" /><testcase classname="tests.test_panic_button.TestCosmetics" name="test_bad_category" time="0.082" /><testcase classname="tests.test_panic_button.TestMatch" name="test_join_and_state" time="0.136" /><testcase classname="tests.test_panic_button.TestMatch" name="test_state_not_found" time="0.048" /><testcase classname="tests.test_panic_button.TestMatch" name="test_active_backfill_and_press" time="9.369" /><testcase classname="tests.test_panic_button.TestMatch" name="test_progression_persistence_after_leave" time="9.890" /><testcase classname="tests.test_rank_progression" name="test_exactly_50_ranks" time="0.000" /><testcase classname="tests.test_rank_progression" name="test_strictly_increasing_no_duplicates" time="0.000" /><testcase classname="tests.test_rank_progression" name="test_milestone_thresholds_exact" time="0.000" /><testcase classname="tests.test_rank_progression" name="test_rank_1_is_zero_and_new_player_starts_rank_1" time="0.000" /><testcase classname="tests.test_rank_progression" name="test_eased_curve_within_tier" time="0.000" /><testcase classname="tests.test_rank_progression" name="test_level_for_xp_boundaries" time="0.000" /><testcase classname="tests.test_rank_progression" name="test_milestone_ability_unlock_ranks" time="0.000" /><testcase classname="tests.test_rank_progression" name="test_xp_for_next_rank_is_threshold_difference" time="0.000" /><testcase classname="tests.test_rank_progression" name="test_progress_bar_uses_current_rank_window" time="0.000" /><testcase classname="tests.test_rewarded_ads.TestAdsFresh" name="test_status_fresh_guest_cannot_watch" time="0.274" /><testcase classname="tests.test_rewarded_ads.TestAdsFresh" name="test_reward_without_match_returns_400" time="0.315" /><testcase classname="tests.test_rewarded_ads.TestAdsAfterMatch" name="test_status_after_match_can_watch" time="11.840" /><testcase classname="tests.test_rewarded_ads.TestAdsAfterMatch" name="test_claim_grants_double_xp_and_sets_cooldown" time="12.078" /><testcase classname="tests.test_rewarded_ads.TestAdsAfterMatch" name="test_cooldown_bounds" time="11.803" /><testcase classname="tests.test_rewarded_ads.TestAdsRegression" name="test_match_results_still_render" time="10.804" /><testcase classname="tests.test_social_features.TestGuest" name="test_guest_creates_user_with_friend_code" time="0.100" /><testcase classname="tests.test_social_features.TestGuest" name="test_guest_me_and_profile_expose_friend_code" time="0.140" /><testcase classname="tests.test_social_features.TestGuest" name="test_guest_username_min_length" time="0.043" /><testcase classname="tests.test_social_features.TestFriends" name="test_get_friends_empty" time="0.091" /><testcase classname="tests.test_social_features.TestFriends" name="test_mutual_add" time="0.334" /><testcase classname="tests.test_social_features.TestFriends" name="test_add_own_code_400" time="0.093" /><testcase classname="tests.test_social_features.TestFriends" name="test_add_unknown_code_404" time="0.179" /><testcase classname="tests.test_social_features.TestFriends" name="test_add_twice_400" time="0.184" /><testcase classname="tests.test_social_features.TestFriends" name="test_add_case_insensitive" time="0.151" /><testcase classname="tests.test_social_features.TestCoLobby" name="test_two_guests_share_match" time="0.348" /><testcase classname="tests.test_social_features.TestResultsAndPersistence" name="test_results_shape_after_leave" time="7.995" /></testsuite></testsuites>