<?xml version="1.0" encoding="utf-8"?><testsuites name="pytest tests"><testsuite name="pytest" errors="0" failures="0" skipped="0" tests="8" time="14.139" timestamp="2026-07-09T16:58:30.270441+00:00" hostname="agent-env-328a616e-d70d-478f-ba47-0597ed2a3f0e"><testcase classname="backend.tests.test_iteration5.TestCosmeticsCatalog" name="test_categories_include_button_fx" time="0.300" /><testcase classname="backend.tests.test_iteration5.TestCosmeticsCatalog" name="test_button_skin_includes_new_items" time="0.203" /><testcase classname="backend.tests.test_iteration5.TestCosmeticsCatalog" name="test_default_equipped_includes_button_fx_none" time="0.252" /><testcase classname="backend.tests.test_iteration5.TestCosmeticsCatalog" name="test_fresh_guest_lock_state" time="0.240" /><testcase classname="backend.tests.test_iteration5.TestCosmeticEquip" name="test_equip_locked_glow_fails" time="0.198" /><testcase classname="backend.tests.test_iteration5.TestCosmeticEquip" name="test_daily_claim_unlocks_glow_and_equip_persists" time="0.628" /><testcase classname="backend.tests.test_iteration5.TestAdsRegression" name="test_fresh_guest_cannot_watch" time="0.207" /><testcase classname="backend.tests.test_iteration5.TestAdsRegression" name="test_reward_flow_after_match" time="12.048" /></testsuite></testsuites>