<?xml version="1.0" encoding="utf-8"?><testsuites name="pytest tests"><testsuite name="pytest" errors="0" failures="0" skipped="0" tests="9" time="10.378" timestamp="2026-07-10T15:13:30.708551+00:00" hostname="agent-env-fdf99b9a-47e5-4f3d-84d0-aeecde3bb3f5"><testcase classname="tests.test_iteration13_rank_bug_fix.TestNewGuestProgression" name="test_new_guest_progression_snapshot" time="0.360" /><testcase classname="tests.test_iteration13_rank_bug_fix.TestAbilitiesCatalog" name="test_abilities_list_for_new_guest" time="0.172" /><testcase classname="tests.test_iteration13_rank_bug_fix.TestEquipAbilityErrors" name="test_unknown_ability_returns_404" time="0.214" /><testcase classname="tests.test_iteration13_rank_bug_fix.TestEquipAbilityErrors" name="test_locked_ability_returns_403" time="0.160" /><testcase classname="tests.test_iteration13_rank_bug_fix.TestEquipAbilityErrors" name="test_null_ability_unequips" time="0.180" /><testcase classname="tests.test_iteration13_rank_bug_fix.TestUnlockedIdempotency" name="test_repeated_me_calls_do_not_change_unlocked" time="0.280" /><testcase classname="tests.test_iteration13_rank_bug_fix.TestProgressBarWindow" name="test_xp_for_next_matches_curve_deltas" time="0.150" /><testcase classname="tests.test_iteration13_rank_bug_fix.TestMatchFlowRegression" name="test_match_join_active_press" time="8.547" /><testcase classname="tests.test_iteration13_rank_bug_fix.TestLeaderboardRegression" name="test_global_leaderboard_sorted" time="0.195" /></testsuite></testsuites>