<?xml version="1.0" encoding="utf-8"?><testsuites name="pytest tests"><testsuite name="pytest" errors="0" failures="0" skipped="0" tests="10" time="14.458" timestamp="2026-07-10T12:54:02.119441+00:00" hostname="agent-env-32c0bb20-acc9-45e1-8bcd-7b8f4b9d9d71"><testcase classname="tests.test_iteration10.TestLeaderboard" name="test_global_scope_returns_rows_sorted_desc_and_my_rank" time="0.317" /><testcase classname="tests.test_iteration10.TestLeaderboard" name="test_friends_scope_contains_self_only_when_no_friends" time="0.101" /><testcase classname="tests.test_iteration10.TestLeaderboard" name="test_friends_scope_includes_added_friend" time="0.350" /><testcase classname="tests.test_iteration10.TestChallenges" name="test_get_returns_three_challenges_with_progress_shape" time="0.113" /><testcase classname="tests.test_iteration10.TestChallenges" name="test_get_is_deterministic_for_today" time="0.197" /><testcase classname="tests.test_iteration10.TestChallenges" name="test_claim_unknown_returns_404" time="0.113" /><testcase classname="tests.test_iteration10.TestChallenges" name="test_claim_incomplete_returns_400" time="0.196" /><testcase classname="tests.test_iteration10.TestChallengeProgressAfterMatch" name="test_progress_accrues_after_match_ends" time="11.996" /><testcase classname="tests.test_iteration10.TestMatchWebSocket" name="test_bad_token_is_rejected" time="0.437" /><testcase classname="tests.test_iteration10.TestMatchWebSocket" name="test_valid_token_receives_state_frame" time="0.504" /></testsuite></testsuites>