<?xml version="1.0" encoding="utf-8"?><testsuites name="pytest tests"><testsuite name="pytest" errors="0" failures="0" skipped="0" tests="4" time="12.121" timestamp="2026-07-09T20:45:51.964400+00:00" hostname="agent-env-328a616e-d70d-478f-ba47-0597ed2a3f0e"><testcase classname="backend.tests.test_iteration8.TestFailsafeCatalog" name="test_failsafe_in_abilities" time="0.459" /><testcase classname="backend.tests.test_iteration8.TestFailsafeCatalog" name="test_locked_for_fresh_guest" time="0.198" /><testcase classname="backend.tests.test_iteration8.TestFailsafeEquip" name="test_equip_after_bump" time="0.607" /><testcase classname="backend.tests.test_iteration8.TestFailsafeMatch" name="test_match_press_and_grace_window" time="10.721" /></testsuite></testsuites>