<?xml version="1.0" encoding="utf-8"?><testsuites name="pytest tests"><testsuite name="pytest" errors="0" failures="0" skipped="0" tests="125" time="341.568" timestamp="2026-07-13T19:36:50.349495+00:00" hostname="agent-env-f2f45a8c-fe06-4e8b-bc50-57b6b8a585f3"><testcase classname="tests.test_iteration10.TestLeaderboard" name="test_global_scope_returns_rows_sorted_desc_and_my_rank" time="0.283" /><testcase classname="tests.test_iteration10.TestLeaderboard" name="test_friends_scope_contains_self_only_when_no_friends" time="8.296" /><testcase classname="tests.test_iteration10.TestLeaderboard" name="test_friends_scope_includes_added_friend" time="16.913" /><testcase classname="tests.test_iteration10.TestChallenges" name="test_get_returns_three_challenges_with_progress_shape" time="0.104" /><testcase classname="tests.test_iteration10.TestChallenges" name="test_get_is_deterministic_for_today" time="0.290" /><testcase classname="tests.test_iteration10.TestChallenges" name="test_claim_unknown_returns_404" time="0.109" /><testcase classname="tests.test_iteration10.TestChallenges" name="test_claim_incomplete_returns_400" time="0.201" /><testcase classname="tests.test_iteration10.TestChallengeProgressAfterMatch" name="test_progress_accrues_after_match_ends" time="12.116" /><testcase classname="tests.test_iteration10.TestMatchWebSocket" name="test_bad_token_is_rejected" time="0.493" /><testcase classname="tests.test_iteration10.TestMatchWebSocket" name="test_valid_token_receives_state_frame" time="0.452" /><testcase classname="tests.test_iteration13_rank_bug_fix.TestNewGuestProgression" name="test_new_guest_progression_snapshot" time="0.167" /><testcase classname="tests.test_iteration13_rank_bug_fix.TestAbilitiesCatalog" name="test_abilities_list_for_new_guest" time="0.165" /><testcase classname="tests.test_iteration13_rank_bug_fix.TestEquipAbilityErrors" name="test_unknown_ability_returns_404" time="0.268" /><testcase classname="tests.test_iteration13_rank_bug_fix.TestEquipAbilityErrors" name="test_locked_ability_returns_403" time="0.157" /><testcase classname="tests.test_iteration13_rank_bug_fix.TestEquipAbilityErrors" name="test_null_ability_unequips" time="0.144" /><testcase classname="tests.test_iteration13_rank_bug_fix.TestUnlockedIdempotency" name="test_repeated_me_calls_do_not_change_unlocked" time="0.318" /><testcase classname="tests.test_iteration13_rank_bug_fix.TestProgressBarWindow" name="test_xp_for_next_matches_curve_deltas" time="0.163" /><testcase classname="tests.test_iteration13_rank_bug_fix.TestMatchFlowRegression" name="test_match_join_active_press" time="6.735" /><testcase classname="tests.test_iteration13_rank_bug_fix.TestLeaderboardRegression" name="test_global_leaderboard_sorted" time="0.215" /><testcase classname="tests.test_iteration15_abuse_protection.TestAliasFilter" name="test_guest_signup_rejects_bad_names[fuck]" time="0.093" /><testcase classname="tests.test_iteration15_abuse_protection.TestAliasFilter" name="test_guest_signup_rejects_bad_names[sh1t]" time="0.130" /><testcase classname="tests.test_iteration15_abuse_protection.TestAliasFilter" name="test_guest_signup_rejects_bad_names[admin]" time="0.168" /><testcase classname="tests.test_iteration15_abuse_protection.TestAliasFilter" name="test_guest_signup_rejects_bad_names[PRESSURE]" time="0.097" /><testcase classname="tests.test_iteration15_abuse_protection.TestAliasFilter" name="test_guest_signup_rejects_bad_names[n1gger]" time="0.098" /><testcase classname="tests.test_iteration15_abuse_protection.TestAliasFilter" name="test_guest_signup_rejects_bad_names[F.U.C.K]" time="0.096" /><testcase classname="tests.test_iteration15_abuse_protection.TestAliasFilter" name="test_guest_signup_accepts_clean_names[CleanName77]" time="0.134" /><testcase classname="tests.test_iteration15_abuse_protection.TestAliasFilter" name="test_guest_signup_accepts_clean_names[AssassinKing]" time="0.106" /><testcase classname="tests.test_iteration15_abuse_protection.TestAliasFilter" name="test_guest_signup_accepts_clean_names[class]" time="0.183" /><testcase classname="tests.test_iteration15_abuse_protection.TestAliasFilter" name="test_guest_signup_accepts_clean_names[Ash_77]" time="0.137" /><testcase classname="tests.test_iteration15_abuse_protection.TestAliasFilter" name="test_guest_signup_accepts_clean_names[Nova-9]" time="0.145" /><testcase classname="tests.test_iteration15_abuse_protection.TestAliasFilter" name="test_profile_rename_rejects_bad_names" time="0.591" /><testcase classname="tests.test_iteration15_abuse_protection.TestAliasFilter" name="test_profile_rename_accepts_clean_name" time="0.311" /><testcase classname="tests.test_iteration15_abuse_protection.TestRateLimits" name="test_press_limit_20_per_1s" time="2.240" /><testcase classname="tests.test_iteration15_abuse_protection.TestRateLimits" name="test_join_limit_10_per_20s" time="1.502" /><testcase classname="tests.test_iteration15_abuse_protection.TestRateLimits" name="test_party_create_limit_5_per_60s" time="0.865" /><testcase classname="tests.test_iteration15_abuse_protection.TestRateLimits" name="test_party_join_limit_20_per_20s" time="2.561" /><testcase classname="tests.test_iteration15_abuse_protection.TestGuestSignupLimit" name="test_guest_limit_triggers_for_public_ip_via_xff" time="3.378" /><testcase classname="tests.test_iteration15_abuse_protection.TestJoinNeverBlocksNormalUse" name="test_single_fresh_user_single_join_returns_200" time="0.300" /><testcase classname="tests.test_iteration15_abuse_protection.TestJoinNeverBlocksNormalUse" name="test_finish_match_then_join_next_is_never_blocked" time="1.031" /><testcase classname="tests.test_iteration3.TestRewards" name="test_status_fresh_guest_can_claim" time="0.006" /><testcase classname="tests.test_iteration3.TestRewards" name="test_claim_grants_xp_and_increments_streak" time="0.005" /><testcase classname="tests.test_iteration3.TestRewards" name="test_double_claim_same_day_400" time="0.008" /><testcase classname="tests.test_iteration3.TestChangeName" name="test_change_name_updates_profile" time="0.007" /><testcase classname="tests.test_iteration3.TestMatchDanger" name="test_personal_danger_rises_without_press" time="12.053" /><testcase classname="tests.test_iteration3.TestMatchDanger" name="test_leave_returns_results_with_patience_fields" time="10.062" /><testcase classname="tests.test_iteration3.TestParty" name="test_party_create_and_join_same_match" time="25.170" /><testcase classname="tests.test_iteration3.TestParty" name="test_party_join_bad_code_404" time="0.004" /><testcase classname="tests.test_iteration3.TestRegression" name="test_normal_match_join_still_works" time="0.004" /><testcase classname="tests.test_iteration3.TestRegression" name="test_friends_add_and_list" time="0.009" /><testcase classname="tests.test_iteration5.TestCosmeticsCatalog" name="test_categories_include_button_fx" time="0.397" /><testcase classname="tests.test_iteration5.TestCosmeticsCatalog" name="test_button_skin_includes_new_items" time="0.216" /><testcase classname="tests.test_iteration5.TestCosmeticsCatalog" name="test_default_equipped_includes_button_fx_none" time="0.239" /><testcase classname="tests.test_iteration5.TestCosmeticsCatalog" name="test_fresh_guest_lock_state" time="0.236" /><testcase classname="tests.test_iteration5.TestCosmeticEquip" name="test_equip_locked_glow_fails" time="0.207" /><testcase classname="tests.test_iteration5.TestCosmeticEquip" name="test_daily_claim_unlocks_glow_and_equip_persists" time="0.811" /><testcase classname="tests.test_iteration5.TestAdsRegression" name="test_fresh_guest_cannot_watch" time="0.248" /><testcase classname="tests.test_iteration5.TestAdsRegression" name="test_reward_flow_after_match" time="9.755" /><testcase classname="tests.test_iteration6.TestAdModel" name="test_fresh_guest_status_shape" time="0.232" /><testcase classname="tests.test_iteration6.TestAdModel" name="test_after_match_reward_available_but_mandatory_still_due" time="49.370" /><testcase classname="tests.test_iteration6.TestAdModel" name="test_ads_seen_starts_cooldown" time="0.441" /><testcase classname="tests.test_iteration6.TestAdModel" name="test_reward_after_seen_still_claimable" time="11.915" /><testcase classname="tests.test_iteration6.TestAdModel" name="test_ads_reward_double_xp_and_second_fails" time="11.925" /><testcase classname="tests.test_iteration6.TestXpCurve" name="test_thresholds_via_daily_reward" time="0.209" /><testcase classname="tests.test_iteration6.TestXpCurve" name="test_single_match_xp_is_small" time="11.489" /><testcase classname="tests.test_iteration6.TestXpCurve" name="test_math_via_direct_xp_bump" time="0.313" /><testcase classname="tests.test_iteration6.TestAbilitiesCatalog" name="test_returns_eight_abilities_with_new_actives" time="0.194" /><testcase classname="tests.test_iteration6.TestAbilitiesCatalog" name="test_new_abilities_unlock_levels_and_type" time="0.208" /><testcase classname="tests.test_iteration6.TestNewAbilityEquipAndMatch" name="test_equip_after_unlock[hide-12300]" time="0.244" /><testcase classname="tests.test_iteration6.TestNewAbilityEquipAndMatch" name="test_equip_after_unlock[overcharge-20800]" time="0.262" /><testcase classname="tests.test_iteration6.TestNewAbilityEquipAndMatch" name="test_equip_after_unlock[adrenaline-31500]" time="0.211" /><testcase classname="tests.test_iteration6.TestNewAbilityEquipAndMatch" name="test_equip_after_unlock[steady-40000]" time="0.220" /><testcase classname="tests.test_iteration6.TestNewAbilityEquipAndMatch" name="test_match_completes_with_ability[hide-12300]" time="10.070" /><testcase classname="tests.test_iteration6.TestNewAbilityEquipAndMatch" name="test_match_completes_with_ability[overcharge-20800]" time="10.153" /><testcase classname="tests.test_iteration6.TestNewAbilityEquipAndMatch" name="test_match_completes_with_ability[adrenaline-31500]" time="10.207" /><testcase classname="tests.test_iteration6.TestNewAbilityEquipAndMatch" name="test_match_completes_with_ability[steady-40000]" time="10.072" /><testcase classname="tests.test_iteration8.TestFailsafeCatalog" name="test_failsafe_in_abilities" time="0.308" /><testcase classname="tests.test_iteration8.TestFailsafeCatalog" name="test_locked_for_fresh_guest" time="0.281" /><testcase classname="tests.test_iteration8.TestFailsafeEquip" name="test_equip_after_bump" time="0.617" /><testcase classname="tests.test_iteration8.TestFailsafeMatch" name="test_match_press_and_grace_window" time="11.231" /><testcase classname="tests.test_panic_button.TestAuth" name="test_register" time="0.359" /><testcase classname="tests.test_panic_button.TestAuth" name="test_duplicate_register" time="0.060" /><testcase classname="tests.test_panic_button.TestAuth" name="test_login" time="0.279" /><testcase classname="tests.test_panic_button.TestAuth" name="test_login_bad" time="0.278" /><testcase classname="tests.test_panic_button.TestAuth" name="test_me" time="0.060" /><testcase classname="tests.test_panic_button.TestAuth" name="test_me_no_auth" time="0.059" /><testcase classname="tests.test_panic_button.TestProfile" name="test_profile" time="0.062" /><testcase classname="tests.test_panic_button.TestProfile" name="test_stats" time="0.067" /><testcase classname="tests.test_panic_button.TestAbilities" name="test_list" time="0.070" /><testcase classname="tests.test_panic_button.TestAbilities" name="test_equip_locked_forbidden" time="0.066" /><testcase classname="tests.test_panic_button.TestAbilities" name="test_unequip_ok" time="0.089" /><testcase classname="tests.test_panic_button.TestAbilities" name="test_equip_bad_id" time="0.062" /><testcase classname="tests.test_panic_button.TestCosmetics" name="test_list" time="0.063" /><testcase classname="tests.test_panic_button.TestCosmetics" name="test_equip_unlocked" time="0.074" /><testcase classname="tests.test_panic_button.TestCosmetics" name="test_equip_locked" time="0.067" /><testcase classname="tests.test_panic_button.TestCosmetics" name="test_bad_category" time="0.062" /><testcase classname="tests.test_panic_button.TestMatch" name="test_join_and_state" time="0.186" /><testcase classname="tests.test_panic_button.TestMatch" name="test_state_not_found" time="0.058" /><testcase classname="tests.test_panic_button.TestMatch" name="test_active_backfill_and_press" time="9.587" /><testcase classname="tests.test_panic_button.TestMatch" name="test_progression_persistence_after_leave" time="9.611" /><testcase classname="tests.test_rank_progression" name="test_exactly_50_ranks" time="0.000" /><testcase classname="tests.test_rank_progression" name="test_strictly_increasing_no_duplicates" time="0.000" /><testcase classname="tests.test_rank_progression" name="test_milestone_thresholds_exact" time="0.000" /><testcase classname="tests.test_rank_progression" name="test_rank_1_is_zero_and_new_player_starts_rank_1" time="0.000" /><testcase classname="tests.test_rank_progression" name="test_eased_curve_within_tier" time="0.000" /><testcase classname="tests.test_rank_progression" name="test_level_for_xp_boundaries" time="0.000" /><testcase classname="tests.test_rank_progression" name="test_milestone_ability_unlock_ranks" time="0.000" /><testcase classname="tests.test_rank_progression" name="test_xp_for_next_rank_is_threshold_difference" time="0.000" /><testcase classname="tests.test_rank_progression" name="test_progress_bar_uses_current_rank_window" time="0.000" /><testcase classname="tests.test_rewarded_ads.TestAdsFresh" name="test_status_fresh_guest_cannot_watch" time="0.339" /><testcase classname="tests.test_rewarded_ads.TestAdsFresh" name="test_reward_without_match_returns_400" time="0.276" /><testcase classname="tests.test_rewarded_ads.TestAdsAfterMatch" name="test_status_after_match_can_watch" time="12.387" /><testcase classname="tests.test_rewarded_ads.TestAdsAfterMatch" name="test_claim_grants_double_xp_and_sets_cooldown" time="12.622" /><testcase classname="tests.test_rewarded_ads.TestAdsAfterMatch" name="test_cooldown_bounds" time="12.194" /><testcase classname="tests.test_rewarded_ads.TestAdsRegression" name="test_match_results_still_render" time="10.898" /><testcase classname="tests.test_social_features.TestGuest" name="test_guest_creates_user_with_friend_code" time="0.108" /><testcase classname="tests.test_social_features.TestGuest" name="test_guest_me_and_profile_expose_friend_code" time="0.172" /><testcase classname="tests.test_social_features.TestGuest" name="test_guest_username_min_length" time="0.055" /><testcase classname="tests.test_social_features.TestFriends" name="test_get_friends_empty" time="0.108" /><testcase classname="tests.test_social_features.TestFriends" name="test_mutual_add" time="0.435" /><testcase classname="tests.test_social_features.TestFriends" name="test_add_own_code_400" time="0.112" /><testcase classname="tests.test_social_features.TestFriends" name="test_add_unknown_code_404" time="0.113" /><testcase classname="tests.test_social_features.TestFriends" name="test_add_twice_400" time="0.226" /><testcase classname="tests.test_social_features.TestFriends" name="test_add_case_insensitive" time="0.181" /><testcase classname="tests.test_social_features.TestCoLobby" name="test_two_guests_share_match" time="0.374" /><testcase classname="tests.test_social_features.TestResultsAndPersistence" name="test_results_shape_after_leave" time="8.192" /></testsuite></testsuites>